110.01.25 13:50 B C:\~Sarah\Webpages\EGEng\stats\reports\analogo.gif <-- *EGEngineering /usr/home/undersecretary/egengineering.com/stats/reports analogo.gif
110.01.25 13:50 B C:\~Sarah\Webpages\EGEng\stats\reports\BROWSERREP.html <-- *EGEngineering /usr/home/undersecretary/egengineering.com/stats/reports BROWSERREP.html
110.01.25 13:50 B C:\~Sarah\Webpages\EGEng\stats\reports\BROWSERSUM.html <-- *EGEngineering /usr/home/undersecretary/egengineering.com/stats/reports BROWSERSUM.html
110.01.25 13:50 B C:\~Sarah\Webpages\EGEng\stats\reports\BROWSERSUM_bar.png <-- *EGEngineering /usr/home/undersecretary/egengineering.com/stats/reports BROWSERSUM_bar.png
110.01.25 13:50 B C:\~Sarah\Webpages\EGEng\stats\reports\DAILYREP.html <-- *EGEngineering /usr/home/undersecretary/egengineering.com/stats/reports DAILYREP.html
110.01.25 13:50 B C:\~Sarah\Webpages\EGEng\stats\reports\DAILYREP_line.png <-- *EGEngineering /usr/home/undersecretary/egengineering.com/stats/reports DAILYREP_line.png
110.01.25 13:50 B C:\~Sarah\Webpages\EGEng\stats\reports\DAILYSUM.html <-- *EGEngineering /usr/home/undersecretary/egengineering.com/stats/reports DAILYSUM.html
110.01.25 13:50 B C:\~Sarah\Webpages\EGEng\stats\reports\DAILYSUM_bar.png <-- *EGEngineering /usr/home/undersecretary/egengineering.com/stats/reports DAILYSUM_bar.png
110.01.25 13:50 B C:\~Sarah\Webpages\EGEng\stats\reports\DIRECTORY.html <-- *EGEngineering /usr/home/undersecretary/egengineering.com/stats/reports DIRECTORY.html
110.01.25 13:50 B C:\~Sarah\Webpages\EGEng\stats\reports\DIRECTORY_bar.png <-- *EGEngineering /usr/home/undersecretary/egengineering.com/stats/reports DIRECTORY_bar.png
110.01.25 13:50 B C:\~Sarah\Webpages\EGEng\stats\reports\DIRECTORY_pie.png <-- *EGEngineering /usr/home/undersecretary/egengineering.com/stats/reports DIRECTORY_pie.png
110.01.25 13:50 B C:\~Sarah\Webpages\EGEng\stats\reports\FAILREF.html <-- *EGEngineering /usr/home/undersecretary/egengineering.com/stats/reports FAILREF.html
110.01.25 13:50 B C:\~Sarah\Webpages\EGEng\stats\reports\FAILURE.html <-- *EGEngineering /usr/home/undersecretary/egengineering.com/stats/reports FAILURE.html
110.01.25 13:50 B C:\~Sarah\Webpages\EGEng\stats\reports\FILETYPE.html <-- *EGEngineering /usr/home/undersecretary/egengineering.com/stats/reports FILETYPE.html
110.01.25 13:50 B C:\~Sarah\Webpages\EGEng\stats\reports\FILETYPE_bar.png <-- *EGEngineering /usr/home/undersecretary/egengineering.com/stats/reports FILETYPE_bar.png
110.01.25 13:50 B C:\~Sarah\Webpages\EGEng\stats\reports\GENERAL.html <-- *EGEngineering /usr/home/undersecretary/egengineering.com/stats/reports GENERAL.html
110.01.25 13:50 B C:\~Sarah\Webpages\EGEng\stats\reports\HOURLYREP.html <-- *EGEngineering /usr/home/undersecretary/egengineering.com/stats/reports HOURLYREP.html
110.01.25 13:50 B C:\~Sarah\Webpages\EGEng\stats\reports\HOURLYREP_line.png <-- *EGEngineering /usr/home/undersecretary/egengineering.com/stats/reports HOURLYREP_line.png
110.01.25 13:50 B C:\~Sarah\Webpages\EGEng\stats\reports\HOURLYSUM.html <-- *EGEngineering /usr/home/undersecretary/egengineering.com/stats/reports HOURLYSUM.html
110.01.25 13:50 B C:\~Sarah\Webpages\EGEng\stats\reports\HOURLYSUM_bar.png <-- *EGEngineering /usr/home/undersecretary/egengineering.com/stats/reports HOURLYSUM_bar.png
110.01.25 13:50 B C:\~Sarah\Webpages\EGEng\stats\reports\index.html <-- *EGEngineering /usr/home/undersecretary/egengineering.com/stats/reports index.html
110.01.25 13:50 B C:\~Sarah\Webpages\EGEng\stats\reports\MONTHLY.html <-- *EGEngineering /usr/home/undersecretary/egengineering.com/stats/reports MONTHLY.html
110.01.25 13:50 B C:\~Sarah\Webpages\EGEng\stats\reports\MONTHLY_line.png <-- *EGEngineering /usr/home/undersecretary/egengineering.com/stats/reports MONTHLY_line.png
110.01.25 13:50 B C:\~Sarah\Webpages\EGEng\stats\reports\nav.html <-- *EGEngineering /usr/home/undersecretary/egengineering.com/stats/reports nav.html
110.01.25 13:50 B C:\~Sarah\Webpages\EGEng\stats\reports\OSREP.html <-- *EGEngineering /usr/home/undersecretary/egengineering.com/stats/reports OSREP.html
110.01.25 13:50 B C:\~Sarah\Webpages\EGEng\stats\reports\QUICK.html <-- *EGEngineering /usr/home/undersecretary/egengineering.com/stats/reports QUICK.html
110.01.25 13:50 B C:\~Sarah\Webpages\EGEng\stats\reports\REDIR.html <-- *EGEngineering /usr/home/undersecretary/egengineering.com/stats/reports REDIR.html
110.01.25 13:50 B C:\~Sarah\Webpages\EGEng\stats\reports\REDIRREF.html <-- *EGEngineering /usr/home/undersecretary/egengineering.com/stats/reports REDIRREF.html
110.01.25 13:50 B C:\~Sarah\Webpages\EGEng\stats\reports\REFERRER.html <-- *EGEngineering /usr/home/undersecretary/egengineering.com/stats/reports REFERRER.html
110.01.25 13:50 B C:\~Sarah\Webpages\EGEng\stats\reports\REFSITE.html <-- *EGEngineering /usr/home/undersecretary/egengineering.com/stats/reports REFSITE.html
110.01.25 13:50 B C:\~Sarah\Webpages\EGEng\stats\reports\REQUEST.html <-- *EGEngineering /usr/home/undersecretary/egengineering.com/stats/reports REQUEST.html
110.01.25 13:50 B C:\~Sarah\Webpages\EGEng\stats\reports\rmlogo.gif <-- *EGEngineering /usr/home/undersecretary/egengineering.com/stats/reports rmlogo.gif
110.01.25 13:50 B C:\~Sarah\Webpages\EGEng\stats\reports\SEARCHQUERY.html <-- *EGEngineering /usr/home/undersecretary/egengineering.com/stats/reports SEARCHQUERY.html
110.01.25 13:50 B C:\~Sarah\Webpages\EGEng\stats\reports\SEARCHWORD.html <-- *EGEngineering /usr/home/undersecretary/egengineering.com/stats/reports SEARCHWORD.html
110.01.25 13:50 B C:\~Sarah\Webpages\EGEng\stats\reports\SIZE.html <-- *EGEngineering /usr/home/undersecretary/egengineering.com/stats/reports SIZE.html
110.01.25 13:50 B C:\~Sarah\Webpages\EGEng\stats\reports\SIZE_bar.png <-- *EGEngineering /usr/home/undersecretary/egengineering.com/stats/reports SIZE_bar.png
110.01.25 13:50 B C:\~Sarah\Webpages\EGEng\stats\reports\STATUS.html <-- *EGEngineering /usr/home/undersecretary/egengineering.com/stats/reports STATUS.html
110.01.25 13:50 B C:\~Sarah\Webpages\EGEng\stats\reports\WEEKLY.html <-- *EGEngineering /usr/home/undersecretary/egengineering.com/stats/reports WEEKLY.html
110.01.25 13:50 B C:\~Sarah\Webpages\EGEng\stats\reports\WEEKLY_line.png <-- *EGEngineering /usr/home/undersecretary/egengineering.com/stats/reports WEEKLY_line.png
