103.07.10 08:57 B C:\$Sarah\Webpages\EGEng\resupply\San Francisco Examiner_files\071003fpth.jpe --> hail.isprime.com /usr/home/undersecretary/egengineering.com/resupply/San Francisco Examiner_files 071003fpth.jpe
103.07.10 08:57 B C:\$Sarah\Webpages\EGEng\resupply\San Francisco Examiner_files\125x125_UOPOnline_Blue.gif --> hail.isprime.com /usr/home/undersecretary/egengineering.com/resupply/San Francisco Examiner_files 125x125_UOPOnline_Blue.gif
103.07.10 08:57 B C:\$Sarah\Webpages\EGEng\resupply\San Francisco Examiner_files\125x_sfexamsrch_865.gif --> hail.isprime.com /usr/home/undersecretary/egengineering.com/resupply/San Francisco Examiner_files 125x_sfexamsrch_865.gif
103.07.10 08:57 B C:\$Sarah\Webpages\EGEng\resupply\San Francisco Examiner_files\125x_sfexamsrch_865.jpe --> hail.isprime.com /usr/home/undersecretary/egengineering.com/resupply/San Francisco Examiner_files 125x_sfexamsrch_865.jpe
103.07.10 08:57 B C:\$Sarah\Webpages\EGEng\resupply\San Francisco Examiner_files\artshome.gif --> hail.isprime.com /usr/home/undersecretary/egengineering.com/resupply/San Francisco Examiner_files artshome.gif
103.07.10 08:59 B C:\$Sarah\Webpages\EGEng\resupply\San Francisco Examiner_files\banner_tab.gif --> hail.isprime.com /usr/home/undersecretary/egengineering.com/resupply/San Francisco Examiner_files banner_tab.gif
103.07.10 08:59 B C:\$Sarah\Webpages\EGEng\resupply\San Francisco Examiner_files\beyondhome.gif --> hail.isprime.com /usr/home/undersecretary/egengineering.com/resupply/San Francisco Examiner_files beyondhome.gif
103.07.10 08:59 B C:\$Sarah\Webpages\EGEng\resupply\San Francisco Examiner_files\browse.js --> hail.isprime.com /usr/home/undersecretary/egengineering.com/resupply/San Francisco Examiner_files browse.js
103.07.10 09:00 B C:\$Sarah\Webpages\EGEng\resupply\San Francisco Examiner_files\go01_865.gif --> hail.isprime.com /usr/home/undersecretary/egengineering.com/resupply/San Francisco Examiner_files go01_865.gif
103.07.10 09:00 B C:\$Sarah\Webpages\EGEng\resupply\San Francisco Examiner_files\lgsearchbutton.gif --> hail.isprime.com /usr/home/undersecretary/egengineering.com/resupply/San Francisco Examiner_files lgsearchbutton.gif
103.07.10 09:00 B C:\$Sarah\Webpages\EGEng\resupply\San Francisco Examiner_files\navbutton.gif --> hail.isprime.com /usr/home/undersecretary/egengineering.com/resupply/San Francisco Examiner_files navbutton.gif
103.07.10 09:01 B C:\$Sarah\Webpages\EGEng\resupply\San Francisco Examiner_files\navbutton2.gif --> hail.isprime.com /usr/home/undersecretary/egengineering.com/resupply/San Francisco Examiner_files navbutton2.gif
103.07.10 09:01 B C:\$Sarah\Webpages\EGEng\resupply\San Francisco Examiner_files\navbutton3.gif --> hail.isprime.com /usr/home/undersecretary/egengineering.com/resupply/San Francisco Examiner_files navbutton3.gif
103.07.10 09:01 B C:\$Sarah\Webpages\EGEng\resupply\San Francisco Examiner_files\newshome.gif --> hail.isprime.com /usr/home/undersecretary/egengineering.com/resupply/San Francisco Examiner_files newshome.gif
103.07.10 09:01 B C:\$Sarah\Webpages\EGEng\resupply\San Francisco Examiner_files\newstyles.css --> hail.isprime.com /usr/home/undersecretary/egengineering.com/resupply/San Francisco Examiner_files newstyles.css
103.07.10 09:01 B C:\$Sarah\Webpages\EGEng\resupply\San Francisco Examiner_files\pbanner_news.gif --> hail.isprime.com /usr/home/undersecretary/egengineering.com/resupply/San Francisco Examiner_files pbanner_news.gif
103.07.10 09:02 B C:\$Sarah\Webpages\EGEng\resupply\San Francisco Examiner_files\photowindow.js --> hail.isprime.com /usr/home/undersecretary/egengineering.com/resupply/San Francisco Examiner_files photowindow.js
103.07.10 09:02 B C:\$Sarah\Webpages\EGEng\resupply\San Francisco Examiner_files\spacer(1).gif --> hail.isprime.com /usr/home/undersecretary/egengineering.com/resupply/San Francisco Examiner_files spacer(1).gif
103.07.10 09:02 B C:\$Sarah\Webpages\EGEng\resupply\San Francisco Examiner_files\spacer.gif --> hail.isprime.com /usr/home/undersecretary/egengineering.com/resupply/San Francisco Examiner_files spacer.gif
103.07.10 09:03 B C:\$Sarah\Webpages\EGEng\resupply\San Francisco Examiner_files\sportshome.gif --> hail.isprime.com /usr/home/undersecretary/egengineering.com/resupply/San Francisco Examiner_files sportshome.gif
103.07.10 09:04 B C:\$Sarah\Webpages\EGEng\resupply\San Francisco Examiner_files\banner_tab.gif --> hail.isprime.com /usr/home/undersecretary/egengineering.com/resupply/San Francisco Examiner_files banner_tab.gif
