103.05.11 11:48 B C:\$Sarah\Webpages\EGEng\diamond.gif --> hail.isprime.com /usr/home/undersecretary/egengineering.com diamond.gif
103.05.11 11:48 B C:\$Sarah\Webpages\EGEng\index.html --> hail.isprime.com /usr/home/undersecretary/egengineering.com index.html
103.05.11 11:48 B C:\$Sarah\Webpages\EGEng\t-blackline.gif --> hail.isprime.com /usr/home/undersecretary/egengineering.com t-blackline.gif
103.05.11 11:50 B C:\$Sarah\Webpages\EGEng\index.html --> hail.isprime.com /usr/home/undersecretary/egengineering.com index.html
103.05.11 11:53 B C:\$Sarah\Webpages\EGEng\index.html --> hail.isprime.com /usr/home/undersecretary/egengineering.com index.html
103.06.10 15:00 B C:\$Sarah\Webpages\EGEng\index.html --> hail.isprime.com /usr/home/undersecretary/egengineering.com index.html
103.06.10 15:24 B C:\$Sarah\Webpages\EGEng\index.html --> hail.isprime.com /usr/home/undersecretary/egengineering.com index.html
103.06.10 15:25 B C:\$Sarah\Webpages\EGEng\index.html --> hail.isprime.com /usr/home/undersecretary/egengineering.com index.html
103.06.10 15:26 B C:\$Sarah\Webpages\EGEng\index.html --> hail.isprime.com /usr/home/undersecretary/egengineering.com index.html
103.07.10 09:01 B C:\$Sarah\Webpages\EGEng\index.html --> hail.isprime.com /usr/home/undersecretary/egengineering.com index.html
103.08.27 11:49 B C:\$Sarah\Webpages\EGEng\index.html --> hail.isprime.com /usr/home/undersecretary/egengineering.com index.html
103.08.31 13:11 B C:\$Sarah\Webpages\EGEng\index.html --> hail.isprime.com /usr/home/undersecretary/egengineering.com index.html
104.04.26 20:34 B C:\$Sarah\Webpages\EGEng\VicBCard.jpg --> hail.isprime.com /usr/home/undersecretary/egengineering.com VicBCard.jpg
104.04.26 20:34 B C:\$Sarah\Webpages\EGEng\index.html --> hail.isprime.com /usr/home/undersecretary/egengineering.com index.html
104.04.26 20:50 B C:\$Sarah\Webpages\EGEng\bcard2.jpg --> hail.isprime.com /usr/home/undersecretary/egengineering.com bcard2.jpg
104.04.26 20:51 B C:\$Sarah\Webpages\EGEng\index.html --> hail.isprime.com /usr/home/undersecretary/egengineering.com index.html
104.04.26 20:51 B C:\$Sarah\Webpages\EGEng\bcard3.jpg --> hail.isprime.com /usr/home/undersecretary/egengineering.com bcard3.jpg
104.04.26 20:51 B C:\$Sarah\Webpages\EGEng\bcard.html --> hail.isprime.com /usr/home/undersecretary/egengineering.com bcard.html
104.05.21 17:58 B C:\$Sarah\Webpages\EGEng\index.html --> hail.isprime.com /usr/home/undersecretary/egengineering.com index.html
104.06.24 20:12 B C:\$Sarah\Webpages\EGEng\index.html --> hail.isprime.com /usr/home/undersecretary/egengineering.com index.html
104.09.19 13:01 B C:\$Sarah\Webpages\EGEng\Resume0804.html --> hail.isprime.com /usr/home/undersecretary/egengineering.com Resume0804.html
104.09.19 13:01 B C:\$Sarah\Webpages\EGEng\index.html --> hail.isprime.com /usr/home/undersecretary/egengineering.com index.html
104.09.19 13:05 B C:\$Sarah\Webpages\EGEng\Bio0804.doc --> hail.isprime.com /usr/home/undersecretary/egengineering.com Bio0804.doc
104.09.19 13:05 B C:\$Sarah\Webpages\EGEng\index.html --> hail.isprime.com /usr/home/undersecretary/egengineering.com index.html
104.09.19 13:09 B C:\$Sarah\Webpages\EGEng\Bio0804.doc --> hail.isprime.com /usr/home/undersecretary/egengineering.com Bio0804.doc
107.06.09 21:02 B C:\~Sarah\Webpages\EGEng\index.html --> hail.isprime.com /usr/home/undersecretary/egengineering.com index.html
107.06.09 21:05 B C:\~Sarah\Webpages\EGEng\0607071257.3g2 --> hail.isprime.com /usr/home/undersecretary/egengineering.com 0607071257.3g2
107.06.09 21:07 B C:\~Sarah\Webpages\EGEng\index.html --> hail.isprime.com /usr/home/undersecretary/egengineering.com index.html
107.07.25 23:31 B C:\~Sarah\Webpages\EGEng\Imaging UXO article -- Don.pdf --> hail.isprime.com /usr/home/undersecretary/egengineering.com Imaging UXO article -- Don.pdf
107.07.25 23:31 B C:\~Sarah\Webpages\EGEng\index.html --> hail.isprime.com /usr/home/undersecretary/egengineering.com index.html
108.08.28 18:34 B C:\~Sarah\Webpages\EGEng\index.html --> hail.isprime.com /usr/home/undersecretary/egengineering.com index.html
108.08.28 18:35 B C:\~Sarah\Webpages\EGEng\index.html --> hail.isprime.com /usr/home/undersecretary/egengineering.com index.html
109.07.01 17:05 B C:\~Sarah\Webpages\EGEng\index.html --> hail.isprime.com /usr/home/undersecretary/egengineering.com index.html
109.07.01 17:08 B C:\~Sarah\Webpages\EGEng\index.html --> hail.isprime.com /usr/home/undersecretary/egengineering.com index.html
110.01.25 13:51 B C:\~Sarah\Webpages\EGEng\bcard3.jpg <-- *EGEngineering /usr/home/undersecretary/egengineering.com bcard3.jpg
110.01.25 13:51 B C:\~Sarah\Webpages\EGEng\Radiological Briefing.ppt <-- *EGEngineering /usr/home/undersecretary/egengineering.com Radiological Briefing.ppt
