104.05.21 17:41 B C:\$Sarah\Webpages\EGEng\neptune\051204 Neptune Coalition Attendees.doc --> hail.isprime.com /usr/home/undersecretary/egengineering.com/neptune 051204 Neptune Coalition Attendees.doc
104.05.21 17:41 B C:\$Sarah\Webpages\EGEng\neptune\bcard-d4.JPG --> hail.isprime.com /usr/home/undersecretary/egengineering.com/neptune bcard-d4.JPG
104.05.21 17:42 B C:\$Sarah\Webpages\EGEng\neptune\bcard-d5.JPG --> hail.isprime.com /usr/home/undersecretary/egengineering.com/neptune bcard-d5.JPG
104.05.21 17:42 B C:\$Sarah\Webpages\EGEng\neptune\bcard-george-s.jpg --> hail.isprime.com /usr/home/undersecretary/egengineering.com/neptune bcard-george-s.jpg
104.05.21 17:42 B C:\$Sarah\Webpages\EGEng\neptune\bcard-george.jpg --> hail.isprime.com /usr/home/undersecretary/egengineering.com/neptune bcard-george.jpg
104.05.21 17:42 B C:\$Sarah\Webpages\EGEng\neptune\bcard-glaros-s.jpg --> hail.isprime.com /usr/home/undersecretary/egengineering.com/neptune bcard-glaros-s.jpg
104.05.21 17:42 B C:\$Sarah\Webpages\EGEng\neptune\bcard-hillaire-s.jpg --> hail.isprime.com /usr/home/undersecretary/egengineering.com/neptune bcard-hillaire-s.jpg
104.05.21 17:42 B C:\$Sarah\Webpages\EGEng\neptune\bcard-martinez-s.jpg --> hail.isprime.com /usr/home/undersecretary/egengineering.com/neptune bcard-martinez-s.jpg
104.05.21 17:42 B C:\$Sarah\Webpages\EGEng\neptune\bcard-spielman-s.jpg --> hail.isprime.com /usr/home/undersecretary/egengineering.com/neptune bcard-spielman-s.jpg
104.05.21 17:42 B C:\$Sarah\Webpages\EGEng\neptune\bcard-wadsworth-s.jpg --> hail.isprime.com /usr/home/undersecretary/egengineering.com/neptune bcard-wadsworth-s.jpg
104.05.21 17:42 B C:\$Sarah\Webpages\EGEng\neptune\bcard-ziemba-s.jpg --> hail.isprime.com /usr/home/undersecretary/egengineering.com/neptune bcard-ziemba-s.jpg
104.05.21 17:42 B C:\$Sarah\Webpages\EGEng\neptune\index.html --> hail.isprime.com /usr/home/undersecretary/egengineering.com/neptune index.html
104.05.21 17:42 B C:\$Sarah\Webpages\EGEng\neptune\NeptuneMay04c.doc --> hail.isprime.com /usr/home/undersecretary/egengineering.com/neptune NeptuneMay04c.doc
104.05.21 17:51 B C:\$Sarah\Webpages\EGEng\neptune\index.html --> hail.isprime.com /usr/home/undersecretary/egengineering.com/neptune index.html
104.05.21 17:58 B C:\$Sarah\Webpages\EGEng\neptune\index.html --> hail.isprime.com /usr/home/undersecretary/egengineering.com/neptune index.html
104.05.23 16:05 B C:\$Sarah\Webpages\EGEng\neptune\bcard-glaros-s-r.jpg --> hail.isprime.com /usr/home/undersecretary/egengineering.com/neptune bcard-glaros-s-r.jpg
104.05.23 16:05 B C:\$Sarah\Webpages\EGEng\neptune\bcard-glaros-s.jpg --> hail.isprime.com /usr/home/undersecretary/egengineering.com/neptune bcard-glaros-s.jpg
104.05.23 16:05 B C:\$Sarah\Webpages\EGEng\neptune\index.html --> hail.isprime.com /usr/home/undersecretary/egengineering.com/neptune index.html
104.05.23 16:07 B C:\$Sarah\Webpages\EGEng\neptune\index.html --> hail.isprime.com /usr/home/undersecretary/egengineering.com/neptune index.html
104.05.23 16:10 B C:\$Sarah\Webpages\EGEng\neptune\index.html --> hail.isprime.com /usr/home/undersecretary/egengineering.com/neptune index.html
104.05.23 16:10 B C:\$Sarah\Webpages\EGEng\neptune\index.html --> hail.isprime.com /usr/home/undersecretary/egengineering.com/neptune index.html
104.05.23 16:10 B C:\$Sarah\Webpages\EGEng\neptune\index.html --> hail.isprime.com /usr/home/undersecretary/egengineering.com/neptune index.html
104.05.23 16:12 B C:\$Sarah\Webpages\EGEng\neptune\index.html --> hail.isprime.com /usr/home/undersecretary/egengineering.com/neptune index.html
104.05.23 16:14 B C:\$Sarah\Webpages\EGEng\neptune\index.html --> hail.isprime.com /usr/home/undersecretary/egengineering.com/neptune index.html
104.05.23 21:35 B C:\$Sarah\Webpages\EGEng\neptune\index.html --> hail.isprime.com /usr/home/undersecretary/egengineering.com/neptune index.html
104.06.01 21:16 B C:\$Sarah\Webpages\EGEng\neptune\index.html --> hail.isprime.com /usr/home/undersecretary/egengineering.com/neptune index.html
104.06.08 17:53 B C:\$Sarah\Webpages\EGEng\neptune\TQCard-front-r.jpg --> hail.isprime.com /usr/home/undersecretary/egengineering.com/neptune TQCard-front-r.jpg
104.06.08 17:53 B C:\$Sarah\Webpages\EGEng\neptune\index.html --> hail.isprime.com /usr/home/undersecretary/egengineering.com/neptune index.html
104.06.08 17:55 B C:\$Sarah\Webpages\EGEng\neptune\index.html --> hail.isprime.com /usr/home/undersecretary/egengineering.com/neptune index.html
