107.02.18 22:17 B C:\~Sarah\Webpages\EGEng\cranes\0119050909-HPF5VIEW.jpg --> hail.isprime.com /usr/home/undersecretary/egengineering.com/cranes 0119050909-HPF5VIEW.jpg
107.02.18 22:17 B C:\~Sarah\Webpages\EGEng\cranes\0119050909a-HPDRAVOVIEW.jpg --> hail.isprime.com /usr/home/undersecretary/egengineering.com/cranes 0119050909a-HPDRAVOVIEW.jpg
107.02.18 22:17 B C:\~Sarah\Webpages\EGEng\cranes\0119050925-HPDD4VIEW.jpg --> hail.isprime.com /usr/home/undersecretary/egengineering.com/cranes 0119050925-HPDD4VIEW.jpg
107.02.18 22:17 B C:\~Sarah\Webpages\EGEng\cranes\0119050944-HPCRANEGAGE.jpg --> hail.isprime.com /usr/home/undersecretary/egengineering.com/cranes 0119050944-HPCRANEGAGE.jpg
107.02.18 22:17 B C:\~Sarah\Webpages\EGEng\cranes\0119051018-HPDRAVOFRONT.jpg --> hail.isprime.com /usr/home/undersecretary/egengineering.com/cranes 0119051018-HPDRAVOFRONT.jpg
107.02.18 22:17 B C:\~Sarah\Webpages\EGEng\cranes\0203050917-HPF5RIGGING.jpg --> hail.isprime.com /usr/home/undersecretary/egengineering.com/cranes 0203050917-HPF5RIGGING.jpg
107.02.18 22:17 B C:\~Sarah\Webpages\EGEng\cranes\0203051452-HPCRANEGROUP.jpg --> hail.isprime.com /usr/home/undersecretary/egengineering.com/cranes 0203051452-HPCRANEGROUP.jpg
107.02.18 22:17 B C:\~Sarah\Webpages\EGEng\cranes\0208051649-HPF5PICK.jpg --> hail.isprime.com /usr/home/undersecretary/egengineering.com/cranes 0208051649-HPF5PICK.jpg
107.02.18 22:17 B C:\~Sarah\Webpages\EGEng\cranes\0208051649a-HPF5LIFT.jpg --> hail.isprime.com /usr/home/undersecretary/egengineering.com/cranes 0208051649a-HPF5LIFT.jpg
107.02.18 22:17 B C:\~Sarah\Webpages\EGEng\cranes\0215051551-HPF5CARPICK.jpg --> hail.isprime.com /usr/home/undersecretary/egengineering.com/cranes 0215051551-HPF5CARPICK.jpg
107.02.18 22:17 B C:\~Sarah\Webpages\EGEng\cranes\0225051054-HPD7TILT.jpg --> hail.isprime.com /usr/home/undersecretary/egengineering.com/cranes 0225051054-HPD7TILT.jpg
107.02.18 22:17 B C:\~Sarah\Webpages\EGEng\cranes\0225051057-HPD7LIFT.jpg --> hail.isprime.com /usr/home/undersecretary/egengineering.com/cranes 0225051057-HPD7LIFT.jpg
107.02.18 22:17 B C:\~Sarah\Webpages\EGEng\cranes\0225051100-HPF7TILT.jpg --> hail.isprime.com /usr/home/undersecretary/egengineering.com/cranes 0225051100-HPF7TILT.jpg
107.02.18 22:17 B C:\~Sarah\Webpages\EGEng\cranes\0226051042-HPPICKDRP.jpg --> hail.isprime.com /usr/home/undersecretary/egengineering.com/cranes 0226051042-HPPICKDRP.jpg
107.02.18 22:17 B C:\~Sarah\Webpages\EGEng\cranes\0614050913-HPCRANEDRAVOFLOATING.jpg --> hail.isprime.com /usr/home/undersecretary/egengineering.com/cranes 0614050913-HPCRANEDRAVOFLOATING.jpg
107.02.18 22:17 B C:\~Sarah\Webpages\EGEng\cranes\diamond.gif --> hail.isprime.com /usr/home/undersecretary/egengineering.com/cranes diamond.gif
107.02.18 22:17 B C:\~Sarah\Webpages\EGEng\cranes\index.html --> hail.isprime.com /usr/home/undersecretary/egengineering.com/cranes index.html
107.02.18 22:17 B C:\~Sarah\Webpages\EGEng\cranes\t-blackline.gif --> hail.isprime.com /usr/home/undersecretary/egengineering.com/cranes t-blackline.gif
107.02.18 22:17 B C:\~Sarah\Webpages\EGEng\cranes\Thumbs.db --> hail.isprime.com /usr/home/undersecretary/egengineering.com/cranes Thumbs.db
107.02.18 22:23 B C:\~Sarah\Webpages\EGEng\cranes\index.html --> hail.isprime.com /usr/home/undersecretary/egengineering.com/cranes index.html
107.03.12 23:33 B C:\~Sarah\Webpages\EGEng\cranes\index.html --> hail.isprime.com /usr/home/undersecretary/egengineering.com/cranes index.html
107.03.12 23:37 B C:\~Sarah\Webpages\EGEng\cranes\index.html --> hail.isprime.com /usr/home/undersecretary/egengineering.com/cranes index.html
107.03.20 21:41 B C:\~Sarah\Webpages\EGEng\cranes\index.html --> hail.isprime.com /usr/home/undersecretary/egengineering.com/cranes index.html
107.06.09 21:02 B C:\~Sarah\Webpages\EGEng\cranes\index.html --> hail.isprime.com /usr/home/undersecretary/egengineering.com/cranes index.html
